0 info it worked if it ends with ok
1 verbose cli [ '/usr/local/bin/node',
1 verbose cli   '/usr/local/bin/npm',
1 verbose cli   'install',
1 verbose cli   '-g',
1 verbose cli   'requirejs' ]
2 info using npm@3.8.3
3 info using node@v5.10.1
4 silly loadCurrentTree Starting
5 silly install loadCurrentTree
6 silly install readGlobalPackageData
7 silly fetchPackageMetaData requirejs
8 silly fetchNamedPackageData requirejs
9 silly mapToRegistry name requirejs
10 silly mapToRegistry using default registry
11 silly mapToRegistry registry https://registry.npmjs.org/
12 silly mapToRegistry data Result {
12 silly mapToRegistry   raw: 'requirejs',
12 silly mapToRegistry   scope: null,
12 silly mapToRegistry   name: 'requirejs',
12 silly mapToRegistry   rawSpec: '',
12 silly mapToRegistry   spec: 'latest',
12 silly mapToRegistry   type: 'tag' }
13 silly mapToRegistry uri https://registry.npmjs.org/requirejs
14 verbose request uri https://registry.npmjs.org/requirejs
15 verbose request no auth needed
16 info attempt registry request try #1 at 21:42:10
17 verbose request id 38a9824512e25e3e
18 verbose etag "7BYPMH4SZ3DWCSIQRBJDLPLAO"
19 http request GET https://registry.npmjs.org/requirejs
20 http 304 https://registry.npmjs.org/requirejs
21 verbose headers { date: 'Sat, 05 Nov 2016 13:41:33 GMT',
21 verbose headers   via: '1.1 varnish',
21 verbose headers   'cache-control': 'max-age=300',
21 verbose headers   etag: '"7BYPMH4SZ3DWCSIQRBJDLPLAO"',
21 verbose headers   age: '0',
21 verbose headers   connection: 'keep-alive',
21 verbose headers   'x-served-by': 'cache-lcy1139-LCY',
21 verbose headers   'x-cache': 'HIT',
21 verbose headers   'x-cache-hits': '1',
21 verbose headers   'x-timer': 'S1478353293.762386,VS0,VE85',
21 verbose headers   vary: 'Accept-Encoding' }
22 silly get cb [ 304,
22 silly get   { date: 'Sat, 05 Nov 2016 13:41:33 GMT',
22 silly get     via: '1.1 varnish',
22 silly get     'cache-control': 'max-age=300',
22 silly get     etag: '"7BYPMH4SZ3DWCSIQRBJDLPLAO"',
22 silly get     age: '0',
22 silly get     connection: 'keep-alive',
22 silly get     'x-served-by': 'cache-lcy1139-LCY',
22 silly get     'x-cache': 'HIT',
22 silly get     'x-cache-hits': '1',
22 silly get     'x-timer': 'S1478353293.762386,VS0,VE85',
22 silly get     vary: 'Accept-Encoding' } ]
23 verbose etag https://registry.npmjs.org/requirejs from cache
24 verbose get saving requirejs to /Users/hanghang/.npm/registry.npmjs.org/requirejs/.cache.json
25 verbose correctMkdir /Users/hanghang/.npm correctMkdir not in flight; initializing
26 silly install normalizeTree
27 silly loadCurrentTree Finishing
28 silly loadIdealTree Starting
29 silly install loadIdealTree
30 silly cloneCurrentTree Starting
31 silly install cloneCurrentTreeToIdealTree
32 silly cloneCurrentTree Finishing
33 silly loadShrinkwrap Starting
34 silly install loadShrinkwrap
35 silly loadShrinkwrap Finishing
36 silly loadAllDepsIntoIdealTree Starting
37 silly install loadAllDepsIntoIdealTree
38 silly resolveWithNewModule requirejs@2.3.2 checking installable status
39 silly cache add args [ 'requirejs', null ]
40 verbose cache add spec requirejs
41 silly cache add parsed spec Result {
41 silly cache add   raw: 'requirejs',
41 silly cache add   scope: null,
41 silly cache add   name: 'requirejs',
41 silly cache add   rawSpec: '',
41 silly cache add   spec: 'latest',
41 silly cache add   type: 'tag' }
42 silly addNamed requirejs@latest
43 verbose addNamed "latest" is being treated as a dist-tag for requirejs
44 info addNameTag [ 'requirejs', 'latest' ]
45 silly mapToRegistry name requirejs
46 silly mapToRegistry using default registry
47 silly mapToRegistry registry https://registry.npmjs.org/
48 silly mapToRegistry data Result {
48 silly mapToRegistry   raw: 'requirejs',
48 silly mapToRegistry   scope: null,
48 silly mapToRegistry   name: 'requirejs',
48 silly mapToRegistry   rawSpec: '',
48 silly mapToRegistry   spec: 'latest',
48 silly mapToRegistry   type: 'tag' }
49 silly mapToRegistry uri https://registry.npmjs.org/requirejs
50 verbose addNameTag registry:https://registry.npmjs.org/requirejs not in flight; fetching
51 verbose get https://registry.npmjs.org/requirejs not expired, no request
52 silly addNameTag next cb for requirejs with tag latest
53 silly addNamed requirejs@2.3.2
54 verbose addNamed "2.3.2" is a plain semver version for requirejs
55 silly mapToRegistry name requirejs
56 silly mapToRegistry using default registry
57 silly mapToRegistry registry https://registry.npmjs.org/
58 silly mapToRegistry data Result {
58 silly mapToRegistry   raw: 'requirejs',
58 silly mapToRegistry   scope: null,
58 silly mapToRegistry   name: 'requirejs',
58 silly mapToRegistry   rawSpec: '',
58 silly mapToRegistry   spec: 'latest',
58 silly mapToRegistry   type: 'tag' }
59 silly mapToRegistry uri https://registry.npmjs.org/requirejs
60 verbose addRemoteTarball https://registry.npmjs.org/requirejs/-/requirejs-2.3.2.tgz not in flight; adding
61 verbose addRemoteTarball [ 'https://registry.npmjs.org/requirejs/-/requirejs-2.3.2.tgz',
61 verbose addRemoteTarball   '0eaa870d4c7db3b15dd1322e6b65b0388fc4b2c6' ]
62 info retry fetch attempt 1 at 21:42:13
63 info attempt registry request try #1 at 21:42:13
64 http fetch GET https://registry.npmjs.org/requirejs/-/requirejs-2.3.2.tgz
65 http fetch 200 https://registry.npmjs.org/requirejs/-/requirejs-2.3.2.tgz
66 info retry will retry, error on last attempt: Error: read ECONNRESET
67 info retry will retry, error on last attempt: Error: read ECONNRESET
68 silly fetchAndShaCheck shasum 0eaa870d4c7db3b15dd1322e6b65b0388fc4b2c6
69 silly rollbackFailedOptional Starting
70 silly rollbackFailedOptional Finishing
71 silly runTopLevelLifecycles Starting
72 silly runTopLevelLifecycles Finishing
73 silly install printInstalled
74 verbose stack Error: shasum check failed for /tmp/npm-47749-820ea143/registry.npmjs.org/requirejs/-/requirejs-2.3.2.tgz
74 verbose stack Expected: 0eaa870d4c7db3b15dd1322e6b65b0388fc4b2c6
74 verbose stack Actual:   f72c215d786974aa223769b9e2abbdc4daad85c5
74 verbose stack From:     https://registry.npmjs.org/requirejs/-/requirejs-2.3.2.tgz
74 verbose stack     at /usr/local/lib/node_modules/npm/node_modules/sha/index.js:25:8
74 verbose stack     at ReadStream.<anonymous> (/usr/local/lib/node_modules/npm/node_modules/sha/index.js:72:7)
74 verbose stack     at emitNone (events.js:85:20)
74 verbose stack     at ReadStream.emit (events.js:179:7)
74 verbose stack     at endReadableNT (_stream_readable.js:913:12)
74 verbose stack     at _combinedTickCallback (internal/process/next_tick.js:74:11)
74 verbose stack     at process._tickCallback (internal/process/next_tick.js:98:9)
75 verbose cwd /Applications/XAMPP/projects/jrg-renwu6/homework/张增伦/task39/js
76 error Darwin 15.2.0
77 error argv "/usr/local/bin/node" "/usr/local/bin/npm" "install" "-g" "requirejs"
78 error node v5.10.1
79 error npm  v3.8.3
80 error shasum check failed for /tmp/npm-47749-820ea143/registry.npmjs.org/requirejs/-/requirejs-2.3.2.tgz
80 error Expected: 0eaa870d4c7db3b15dd1322e6b65b0388fc4b2c6
80 error Actual:   f72c215d786974aa223769b9e2abbdc4daad85c5
80 error From:     https://registry.npmjs.org/requirejs/-/requirejs-2.3.2.tgz
81 error If you need help, you may report this error at:
81 error     <https://github.com/npm/npm/issues>
82 verbose exit [ 1, true ]
